<?xml version="1.0" encoding="UTF-8"?>
<robot generator="Robot 7.4.2 (Python 3.14.4 on win32)" generated="2026-08-21T16:32:23.377723" rpa="false" schemaversion="5">
<suite id="s1" name="Practice1" source="C:\Users\Hp\OneDrive\Desktop\practice\practice1.robot">
<test id="s1-t1" name="test case 1" line="5">
<kw name="Open Browser" owner="SeleniumLibrary">
<msg time="2026-08-21T16:32:24.080644" level="INFO">Opening browser 'Chrome' to base url 'https://testautomationpractice.blogspot.com/'.</msg>
<arg>https://testautomationpractice.blogspot.com/</arg>
<arg>Chrome</arg>
<doc>Opens a new browser instance to the optional ``url``.</doc>
<status status="PASS" start="2026-08-21T16:32:24.079216" elapsed="5.819414"/>
</kw>
<kw name="Maximize Browser Window" owner="SeleniumLibrary">
<doc>Maximizes current browser window.</doc>
<status status="PASS" start="2026-08-21T16:32:29.899814" elapsed="0.074756"/>
</kw>
<kw name="Sleep" owner="BuiltIn">
<msg time="2026-08-21T16:32:31.977766" level="INFO">Slept 2 seconds.</msg>
<arg>2s</arg>
<doc>Pauses the test executed for the given time.</doc>
<status status="PASS" start="2026-08-21T16:32:29.975734" elapsed="2.002361"/>
</kw>
<kw name="Click Element" owner="SeleniumLibrary">
<msg time="2026-08-21T16:32:31.980598" level="INFO">Clicking element '//*[contains(@id,"country")and //@value="Germany"]'.</msg>
<msg time="2026-08-21T16:32:32.437562" level="INFO" html="true">&lt;/td&gt;&lt;/tr&gt;&lt;tr&gt;&lt;td colspan="3"&gt;&lt;a href="selenium-screenshot-1.png"&gt;&lt;img src="selenium-screenshot-1.png" width="800px"&gt;&lt;/a&gt;</msg>
<msg time="2026-08-21T16:32:32.438222" level="FAIL">Element with locator '//*[contains(@id,"country")and //@value="Germany"]' not found.</msg>
<arg>//*[contains(@id,"country")and //@value="Germany"]</arg>
<doc>Click the element identified by ``locator``.</doc>
<status status="FAIL" start="2026-08-21T16:32:31.979048" elapsed="0.473371">Element with locator '//*[contains(@id,"country")and //@value="Germany"]' not found.</status>
</kw>
<kw name="Sleep" owner="BuiltIn">
<arg>3s</arg>
<doc>Pauses the test executed for the given time.</doc>
<status status="NOT RUN" start="2026-08-21T16:32:32.456730" elapsed="0.000180"/>
</kw>
<status status="FAIL" start="2026-08-21T16:32:24.067907" elapsed="8.390073">Element with locator '//*[contains(@id,"country")and //@value="Germany"]' not found.</status>
</test>
<status status="FAIL" start="2026-08-21T16:32:23.382056" elapsed="9.081528"/>
</suite>
<statistics>
<total>
<stat pass="0" fail="1" skip="0">All Tests</stat>
</total>
<tag>
</tag>
<suite>
<stat name="Practice1" id="s1" pass="0" fail="1" skip="0">Practice1</stat>
</suite>
</statistics>
<errors>
</errors>
</robot>
