<?xml version="1.0" encoding="UTF-8"?>
<robot generator="Robot 7.4.2 (Python 3.14.4 on win32)" generated="2026-05-06T11:57:36.846517" rpa="false" schemaversion="5">
<suite id="s1" name="Suites">
<suite id="s1-s1" name="Test" source="C:\Users\Hp\OneDrive\Desktop\ram\parallel\test.robot">
<test id="s1-s1-t1" name="Select Dropdown" line="9">
<kw name="Open Browser" owner="SeleniumLibrary">
<msg time="2026-05-06T11:57:37.097280" level="INFO">Opening browser 'Chrome' to base url 'https://www.knowledgeware.in/Automation/practiceform.html'.</msg>
<arg>${url}</arg>
<arg>${browser}</arg>
<doc>Opens a new browser instance to the optional ``url``.</doc>
<status status="PASS" start="2026-05-06T11:57:37.096935" elapsed="5.510809"/>
</kw>
<kw name="Maximize Browser Window" owner="SeleniumLibrary">
<doc>Maximizes current browser window.</doc>
<status status="PASS" start="2026-05-06T11:57:42.608058" elapsed="0.038286"/>
</kw>
<kw name="Sleep" owner="BuiltIn">
<msg time="2026-05-06T11:57:47.647884" level="INFO">Slept 5 seconds.</msg>
<arg>5s</arg>
<doc>Pauses the test executed for the given time.</doc>
<status status="PASS" start="2026-05-06T11:57:42.646552" elapsed="5.001628"/>
</kw>
<kw name="Input Text" owner="SeleniumLibrary">
<msg time="2026-05-06T11:57:47.649629" level="INFO">Typing text 'anil' into text field '//*[@id="fname"]'.</msg>
<arg>//*[@id="fname"]</arg>
<arg>anil</arg>
<doc>Types the given ``text`` into the text field identified by ``locator``.</doc>
<status status="PASS" start="2026-05-06T11:57:47.648605" elapsed="0.167985"/>
</kw>
<kw name="Sleep" owner="BuiltIn">
<msg time="2026-05-06T11:57:50.817558" level="INFO">Slept 3 seconds.</msg>
<arg>3s</arg>
<doc>Pauses the test executed for the given time.</doc>
<status status="PASS" start="2026-05-06T11:57:47.816767" elapsed="3.001063"/>
</kw>
<kw name="Input Text" owner="SeleniumLibrary">
<msg time="2026-05-06T11:57:50.818819" level="INFO">Typing text 'gorla' into text field '//*[@id="lname"]'.</msg>
<arg>//*[@id="lname"]</arg>
<arg>gorla</arg>
<doc>Types the given ``text`` into the text field identified by ``locator``.</doc>
<status status="PASS" start="2026-05-06T11:57:50.818225" elapsed="0.157334"/>
</kw>
<kw name="Sleep" owner="BuiltIn">
<msg time="2026-05-06T11:57:53.976450" level="INFO">Slept 3 seconds.</msg>
<arg>3s</arg>
<doc>Pauses the test executed for the given time.</doc>
<status status="PASS" start="2026-05-06T11:57:50.975757" elapsed="3.000920"/>
</kw>
<kw name="Select Radio Button" owner="SeleniumLibrary">
<msg time="2026-05-06T11:57:53.977217" level="INFO">Selecting 'male' from radio button 'gender'.</msg>
<arg>gender</arg>
<arg>male</arg>
<doc>Sets the radio button group ``group_name`` to ``value``.</doc>
<status status="PASS" start="2026-05-06T11:57:53.976947" elapsed="0.087048"/>
</kw>
<kw name="Sleep" owner="BuiltIn">
<msg time="2026-05-06T11:57:57.065151" level="INFO">Slept 3 seconds.</msg>
<arg>3s</arg>
<doc>Pauses the test executed for the given time.</doc>
<status status="PASS" start="2026-05-06T11:57:54.064228" elapsed="3.001079"/>
</kw>
<kw name="Select Checkbox" owner="SeleniumLibrary">
<msg time="2026-05-06T11:57:57.065793" level="INFO">Selecting checkbox 'music'.</msg>
<arg>music</arg>
<doc>Selects the checkbox identified by ``locator``.</doc>
<status status="PASS" start="2026-05-06T11:57:57.065529" elapsed="0.067006"/>
</kw>
<kw name="Sleep" owner="BuiltIn">
<msg time="2026-05-06T11:58:00.134008" level="INFO">Slept 3 seconds.</msg>
<arg>3s</arg>
<doc>Pauses the test executed for the given time.</doc>
<status status="PASS" start="2026-05-06T11:57:57.132718" elapsed="3.001580"/>
</kw>
<kw name="Unselect Checkbox" owner="SeleniumLibrary">
<msg time="2026-05-06T11:58:00.135264" level="INFO">Unselecting checkbox 'music'.</msg>
<arg>music</arg>
<doc>Removes the selection of checkbox identified by ``locator``.</doc>
<status status="PASS" start="2026-05-06T11:58:00.134789" elapsed="0.088488"/>
</kw>
<kw name="Sleep" owner="BuiltIn">
<msg time="2026-05-06T11:58:03.224641" level="INFO">Slept 3 seconds.</msg>
<arg>3s</arg>
<doc>Pauses the test executed for the given time.</doc>
<status status="PASS" start="2026-05-06T11:58:00.223477" elapsed="3.001419"/>
</kw>
<kw name="Select Checkbox" owner="SeleniumLibrary">
<msg time="2026-05-06T11:58:03.225798" level="INFO">Selecting checkbox 'sports'.</msg>
<arg>sports</arg>
<doc>Selects the checkbox identified by ``locator``.</doc>
<status status="PASS" start="2026-05-06T11:58:03.225359" elapsed="0.141842"/>
</kw>
<kw name="Sleep" owner="BuiltIn">
<msg time="2026-05-06T11:58:06.368379" level="INFO">Slept 3 seconds.</msg>
<arg>3s</arg>
<doc>Pauses the test executed for the given time.</doc>
<status status="PASS" start="2026-05-06T11:58:03.367436" elapsed="3.001217"/>
</kw>
<kw name="Select From List By Label" owner="SeleniumLibrary">
<msg time="2026-05-06T11:58:06.369702" level="INFO">Selecting options from selection list 'countrySelect' by label UttarPradesh.</msg>
<arg>countrySelect</arg>
<arg>UttarPradesh</arg>
<doc>Selects options from selection list ``locator`` by ``labels``.</doc>
<status status="PASS" start="2026-05-06T11:58:06.369192" elapsed="0.182852"/>
</kw>
<kw name="Sleep" owner="BuiltIn">
<msg time="2026-05-06T11:58:11.552779" level="INFO">Slept 5 seconds.</msg>
<arg>5s</arg>
<doc>Pauses the test executed for the given time.</doc>
<status status="PASS" start="2026-05-06T11:58:06.552230" elapsed="5.000892"/>
</kw>
<kw name="Select From List By Index" owner="SeleniumLibrary">
<msg time="2026-05-06T11:58:11.554032" level="INFO">Selecting options from selection list 'countrySelect' by index 4.</msg>
<arg>countrySelect</arg>
<arg>4</arg>
<doc>Selects options from selection list ``locator`` by ``indexes``.</doc>
<status status="PASS" start="2026-05-06T11:58:11.553504" elapsed="0.195445"/>
</kw>
<kw name="Sleep" owner="BuiltIn">
<msg time="2026-05-06T11:58:16.751571" level="INFO">Slept 5 seconds.</msg>
<arg>5s</arg>
<doc>Pauses the test executed for the given time.</doc>
<status status="PASS" start="2026-05-06T11:58:11.749437" elapsed="5.002438"/>
</kw>
<kw name="Close Browser" owner="SeleniumLibrary">
<doc>Closes the current browser.</doc>
<status status="PASS" start="2026-05-06T11:58:16.752276" elapsed="2.202472"/>
</kw>
<status status="PASS" start="2026-05-06T11:57:37.095889" elapsed="41.859140"/>
</test>
<status status="PASS" start="2026-05-06T11:57:36.887398" elapsed="42.068749"/>
</suite>
<status status="PASS" start="2026-05-06T11:57:36.848616" elapsed="42.108894"/>
</suite>
<statistics>
<total>
<stat pass="1" fail="0" skip="0">All Tests</stat>
</total>
<tag>
</tag>
<suite>
<stat name="Suites" id="s1" pass="1" fail="0" skip="0">Suites</stat>
<stat name="Test" id="s1-s1" pass="1" fail="0" skip="0">Suites.Test</stat>
</suite>
</statistics>
<errors>
</errors>
</robot>
