<?xml version="1.0" encoding="UTF-8"?>
<robot generator="Robot 7.4.2 (Python 3.14.4 on win32)" generated="2026-08-24T14:23:00.568928" rpa="false" schemaversion="5">
<suite id="s1" name="Practice" source="C:\Users\Hp\OneDrive\Desktop\practice">
<suite id="s1-s1" name="Practice1" source="C:\Users\Hp\OneDrive\Desktop\practice\practice1.robot">
<test id="s1-s1-t1" name="test case 1" line="5">
<kw name="Open Browser" owner="SeleniumLibrary">
<msg time="2026-08-24T14:23:01.232046" level="INFO">Opening browser 'Chrome' to base url 'https://testautomationpractice.blogspot.com/'.</msg>
<arg>https://testautomationpractice.blogspot.com/</arg>
<arg>Chrome</arg>
<doc>Opens a new browser instance to the optional ``url``.</doc>
<status status="PASS" start="2026-08-24T14:23:01.231241" elapsed="6.699619"/>
</kw>
<kw name="Maximize Browser Window" owner="SeleniumLibrary">
<doc>Maximizes current browser window.</doc>
<status status="PASS" start="2026-08-24T14:23:07.939321" elapsed="4.448795"/>
</kw>
<kw name="Sleep" owner="BuiltIn">
<msg time="2026-08-24T14:23:14.391687" level="INFO">Slept 2 seconds.</msg>
<arg>2s</arg>
<doc>Pauses the test executed for the given time.</doc>
<status status="PASS" start="2026-08-24T14:23:12.389159" elapsed="2.003358"/>
</kw>
<status status="PASS" start="2026-08-24T14:23:01.216708" elapsed="13.177038"/>
</test>
<status status="PASS" start="2026-08-24T14:23:00.768989" elapsed="13.644525"/>
</suite>
<status status="PASS" start="2026-08-24T14:23:00.584578" elapsed="13.847945"/>
</suite>
<statistics>
<total>
<stat pass="1" fail="0" skip="0">All Tests</stat>
</total>
<tag>
</tag>
<suite>
<stat name="Practice" id="s1" pass="1" fail="0" skip="0">Practice</stat>
<stat name="Practice1" id="s1-s1" pass="1" fail="0" skip="0">Practice.Practice1</stat>
</suite>
</statistics>
<errors>
</errors>
</robot>
